build/app/intermediates/proguard-rules/release/aapt_rules.txt
# Referenced at merged_manifests/release/AndroidManifest.xml:20
-keep class android.app.Application { <init>(); }
# Referenced at merged_manifests/release/AndroidManifest.xml:20
-keep class androidx.core.app.CoreComponentFactory { <init>(); }
# Referenced at merged_manifests/release/AndroidManifest.xml:25
-keep class com.example.align_ai.MainActivity { <init>(); }