build/app/outputs/mapping/release/mapping.txt
# compiler: R8
# compiler_version: 1.5.64
# min_api: 21
# pg_map_id: b266a23
...
io.flutter.plugins.camera.CameraPermissions$PermissionsRegistry -> io.flutter.plugins.a.h$b:
    void addListener(io.flutter.plugin.common.PluginRegistry$RequestPermissionsResultListener) -> a
io.flutter.plugins.camera.CameraPermissions$ResultCallback -> io.flutter.plugins.a.h$c:
    void onResult(java.lang.String,java.lang.String) -> a
io.flutter.plugins.camera.CameraPlugin -> io.flutter.plugins.a.i:
    io.flutter.embedding.engine.plugins.FlutterPlugin$FlutterPluginBinding flutterPluginBinding -> a
    io.flutter.plugins.camera.MethodCallHandlerImpl methodCallHandler -> b
    void maybeStartListening(android.app.Activity,io.flutter.plugin.common.BinaryMessenger,io.flutter.plugins.camera.CameraPermissions$PermissionsRegistry,io.flutter.view.TextureRegistry) -> a
    void onAttachedToActivity(io.flutter.embedding.engine.plugins.activity.ActivityPluginBinding) -> a
    void onDetachedFromActivity() -> a
    void onDetachedFromEngine(io.flutter.embedding.engine.plugins.FlutterPlugin$FlutterPluginBinding) -> a
    void onAttachedToEngine(io.flutter.embedding.engine.plugins.FlutterPlugin$FlutterPluginBinding) -> b
    void onDetachedFromActivityForConfigChanges() -> b
    void onReattachedToActivityForConfigChanges(io.flutter.embedding.engine.plugins.activity.ActivityPluginBinding) -> b
io.flutter.plugins.camera.CameraUtils -> io.flutter.plugins.a.j:
    android.util.Size computeBestPreviewSize(java.lang.String,io.flutter.plugins.camera.Camera$ResolutionPreset) -> a
    java.util.List getAvailableCameras(android.app.Activity) -> a
    android.media.CamcorderProfile getBestAvailableCamcorderProfileForResolutionPreset(java.lang.String,io.flutter.plugins.camera.Camera$ResolutionPreset) -> b
io.flutter.plugins.camera.CameraUtils$1 -> io.flutter.plugins.a.j$a:
    int[] $SwitchMap$io$flutter$plugins$camera$Camera$ResolutionPreset -> a
io.flutter.plugins.camera.DartMessenger -> io.flutter.plugins.a.k:
    io.flutter.plugin.common.EventChannel$EventSink eventSink -> a
    io.flutter.plugin.common.EventChannel$EventSink access$002(io.flutter.plugins.camera.DartMessenger,io.flutter.plugin.common.EventChannel$EventSink) -> a
    void send(io.flutter.plugins.camera.DartMessenger$EventType,java.lang.String) -> a
    void sendCameraClosingEvent() -> a
io.flutter.plugins.camera.DartMessenger$1 -> io.flutter.plugins.a.k$a:
    io.flutter.plugins.camera.DartMessenger this$0 -> a
    void onCancel(java.lang.Object) -> a
    void onListen(java.lang.Object,io.flutter.plugin.common.EventChannel$EventSink) -> a
io.flutter.plugins.camera.DartMessenger$EventType -> io.flutter.plugins.a.k$b:
    io.flutter.plugins.camera.DartMessenger$EventType ERROR -> d
    io.flutter.plugins.camera.DartMessenger$EventType CAMERA_CLOSING -> e
    io.flutter.plugins.camera.DartMessenger$EventType[] $VALUES -> f
io.flutter.plugins.camera.MethodCallHandlerImpl -> io.flutter.plugins.a.l:
    io.flutter.plugins.camera.Camera camera -> h
    io.flutter.plugins.camera.CameraPermissions$PermissionsRegistry permissionsRegistry -> d
    io.flutter.view.TextureRegistry textureRegistry -> e
    io.flutter.plugin.common.BinaryMessenger messenger -> b
    io.flutter.plugin.common.EventChannel imageStreamChannel -> g
    io.flutter.plugin.common.MethodChannel methodChannel -> f
    android.app.Activity activity -> a
    io.flutter.plugins.camera.CameraPermissions cameraPermissions -> c
    void handleException(java.lang.Exception,io.flutter.plugin.common.MethodChannel$Result) -> a
    void lambda$onMethodCall$0(io.flutter.plugin.common.MethodCall,io.flutter.plugin.common.MethodChannel$Result,java.lang.String,java.lang.String) -> a
    void onMethodCall(io.flutter.plugin.common.MethodCall,io.flutter.plugin.common.MethodChannel$Result) -> a
    void stopListening() -> a
    void instantiateCamera(io.flutter.plugin.common.MethodCall,io.flutter.plugin.common.MethodChannel$Result) -> b